<?xml version="1.0" encoding="UTF-8"?>
<!-- Generated by org.testng.reporters.JUnitReportReporter -->
<testsuite hostname="DESKTOP-QH7MF66" name="com.w2a.cucumber.zoho.runners.ValidateCRMFeatureRunner" tests="1" failures="0" timestamp="13 May 2020 15:47:15 GMT" time="63.947" errors="0">
  <testcase name="runCukes" time="63.947" classname="com.w2a.cucumber.zoho.runners.ValidateCRMFeatureRunner"/>
</testsuite> <!-- com.w2a.cucumber.zoho.runners.ValidateCRMFeatureRunner -->
