<?xml version="1.0" encoding="UTF-8"?>
<!-- Generated by org.testng.reporters.JUnitReportReporter -->
<testsuite hostname="DESKTOP-QH7MF66" name="com.xde.XRefresh.runners.LoginFeatureRunner" tests="1" failures="0" timestamp="13 May 2020 18:11:08 GMT" time="32.712" errors="0">
  <testcase name="runCukes" time="32.712" classname="com.xde.XRefresh.runners.LoginFeatureRunner"/>
</testsuite> <!-- com.xde.XRefresh.runners.LoginFeatureRunner -->
