<?xml version="1.0" encoding="UTF-8"?>
<!-- Generated by org.testng.reporters.JUnitReportReporter -->
<testsuite hostname="DESKTOP-QH7MF66" name="com.xde.XRefresh.runners.ValidateCRMFeatureRunner" tests="1" failures="0" timestamp="13 May 2020 17:20:31 GMT" time="35.998" errors="0">
  <testcase name="runCukes" time="35.998" classname="com.xde.XRefresh.runners.ValidateCRMFeatureRunner"/>
</testsuite> <!-- com.xde.XRefresh.runners.ValidateCRMFeatureRunner -->
